2023-08-24 15:11:55 :: info :: read Database
2023-08-24 15:13:05 :: info :: read Database
2023-08-24 15:14:20 :: info :: read Database
2023-08-24 15:14:20 :: info :: Order "1234" was processed successfully
2023-08-24 15:15:21 :: info :: read Database
2023-08-24 15:15:21 :: info :: Order "1234" was processed successfully
2023-08-24 15:15:56 :: info :: read Database
2023-08-24 15:15:56 :: info :: Order "1234" was processed successfully
2023-08-24 15:16:22 :: info :: read Database
2023-08-24 15:18:57 :: info :: read Database
2023-08-24 15:22:01 :: info :: read Database
2023-08-25 10:16:05 :: info :: read Database
2023-08-25 10:21:23 :: error :: key: port, value: 8080 was failed
2023-08-25 10:22:42 :: info :: key: networkId, value: L_9876543 was processed successfully
2023-08-25 10:46:44 :: info :: key: networkId, value: L_12345;L_98765 was updatet successfully
2023-08-25 11:06:59 :: info :: key: networkId, value: [L_12345;L_98765] was updatet successfully
2023-08-25 12:05:37 :: info :: networkId was deleted successfully
2023-08-25 12:12:35 :: undefined :: info :: read table "customizing"
2023-08-25 13:43:38 :: undefined :: info :: read table "customizing"
2023-08-28 12:34:56 :: undefined :: info :: read table "customizing"
2023-08-28 12:40:57 :: undefined :: info :: read table "customizing"
2023-08-28 12:42:01 :: info :: read table "customizing"
2023-08-28 12:42:30 :: info :: read table "users"
2023-08-28 12:47:53 :: info :: key: networks, value: L_9876543;L_123456 was processed successfully
2023-08-28 12:50:45 :: info :: key: networks, value: [L_12345;L_98765] was updatet successfully
